commit 310ced9f9970ddd6ee8020a52b3f36d88c7e239a
Author: andreaterroba <andreaterroba@MacBook-Air-de-Andrea.local>
Date:   Sat May 13 13:48:46 2017 +0200

    Primera actualización de la primera rama

commit 8b4c754f45a0a1961ae180dc01748b60f04b870d
Author: andreaterroba <andreaterroba@MacBook-Air-de-Andrea.local>
Date:   Sat May 13 13:46:23 2017 +0200

    Este es el primer envío de el archivo de la primera rama

commit eb868b14ab470c6c0edda29c2993390e5fc227f0
Author: andreaterroba <andreaterroba@MacBook-Air-de-Andrea.local>
Date:   Sat May 13 13:42:08 2017 +0200

    Este es el primer envío de micarpeta

commit 946862844095c1870d635cfab55a59552767e0d0
Author: Andrea Terroba <andreaterroba@MacBook-Air-de-Andrea.local>
Date:   Sat May 13 13:33:38 2017 +0200

    Esta es la primera actualización del archivo

commit 670420f583f779546282072f5e38f8bcb8338d73
Author: Andrea Terroba <andreaterroba@MacBook-Air-de-Andrea.local>
Date:   Sat May 13 13:18:04 2017 +0200

    Este es el primer envío
